Arguments: 
  /usr/bin/node /usr/share/yarn/bin/yarn.js add -D @types/graphql-tools

PATH: 
  /home/laluprasath/.console-ninja/.bin:/home/laluprasath/.console-ninja/.bin:/home/linuxbrew/.linuxbrew/bin:/home/linuxbrew/.linuxbrew/sbin:/usr/local/sbin:/usr/local/bin:/usr/sbin:/usr/bin:/sbin:/bin:/usr/games:/usr/local/games:/snap/bin:/snap/bin:/home/laluprasath/Android/Sdk/emulator:/home/laluprasath/Android/Sdk/platform-tools:/home/laluprasath/Android/Sdk/emulator:/home/laluprasath/Android/Sdk/platform-tools

Yarn version: 
  1.22.19

Node version: 
  18.17.1

Platform: 
  linux x64

Trace: 
  Error: https://registry.yarnpkg.com/@types%2fgraphql-tools: Not found
      at params.callback [as _callback] (/usr/share/yarn/lib/cli.js:66145:18)
      at self.callback (/usr/share/yarn/lib/cli.js:140890:22)
      at Request.emit (node:events:514:28)
      at Request.<anonymous> (/usr/share/yarn/lib/cli.js:141862:10)
      at Request.emit (node:events:514:28)
      at IncomingMessage.<anonymous> (/usr/share/yarn/lib/cli.js:141784:12)
      at Object.onceWrapper (node:events:628:28)
      at IncomingMessage.emit (node:events:526:35)
      at endReadableNT (node:internal/streams/readable:1359:12)
      at process.processTicksAndRejections (node:internal/process/task_queues:82:21)

npm manifest: 
  {
    "name": "grpahqlwithnode_ts",
    "version": "1.0.0",
    "description": "",
    "main": "index.js",
    "scripts": {
      "test": "echo \"Error: no test specified\" && exit 1",
      "build": "tsc -p .",
      "dev": "nodemon --exec 'clear && tsc && node ./build/index.js' ./src/index.ts",
      "start": "node ./build/index.js"
    },
    "keywords": [],
    "author": "",
    "license": "ISC",
    "dependencies": {
      "@graphql-tools/merge": "^9.0.1",
      "apollo-server-express": "^3.13.0",
      "bcrypt": "^5.1.1",
      "dotenv": "^16.3.1",
      "express": "^4.18.2",
      "express-graphql": "^0.12.0",
      "graphql": "^15.8.0",
      "graphql-tool": "^1.0.0",
      "jsonwebtoken": "^9.0.2",
      "mongoose": "^8.0.1",
      "type-graphql": "^1.1.1"
    },
    "devDependencies": {
      "@types/bcrypt": "^5.0.2",
      "@types/dotenv": "^8.2.0",
      "@types/express": "^4.17.21",
      "@types/jsonwebtoken": "^9.0.5",
      "@types/mongoose": "^5.11.97",
      "@types/node": "^20.10.0",
      "ts-node": "^10.9.1",
      "typescript": "^5.3.2"
    }
  }

yarn manifest: 
  No manifest

Lockfile: 
  No lockfile
